<?xml version="1.0" encoding="UTF-8"?>
<testng-results ignored="0" total="1" passed="1" failed="0" skipped="0">
  <reporter-output>
  </reporter-output>
  <suite started-at="2018-07-14T04:20:06Z" name="Default suite" finished-at="2018-07-14T04:20:59Z" duration-ms="52864">
    <groups>
    </groups>
    <test started-at="2018-07-14T04:20:06Z" name="Default test" finished-at="2018-07-14T04:20:59Z" duration-ms="52864">
      <class name="automationPractice.CheckLink">
        <test-method signature="CheckPageLinks()[pri:0, instance:automationPractice.CheckLink@25084a1e]" started-at="2018-07-14T04:20:06Z" name="CheckPageLinks" description="to test the links in the page" finished-at="2018-07-14T04:20:59Z" duration-ms="52734" status="PASS">
          <reporter-output>
          </reporter-output>
        </test-method> <!-- CheckPageLinks -->
      </class> <!-- automationPractice.CheckLink -->
    </test> <!-- Default test -->
  </suite> <!-- Default suite -->
</testng-results>
